[debug] [2019-12-13T12:21:00.465Z] ----------------------------------------------------------------------
[debug] [2019-12-13T12:21:00.467Z] Command:       C:\Program Files\nodejs\node.exe C:\Users\martin.jonsson10\AppData\Roaming\npm\node_modules\firebase-tools\lib\bin\firebase.js deploy
[debug] [2019-12-13T12:21:00.467Z] CLI Version:   7.9.0
[debug] [2019-12-13T12:21:00.467Z] Platform:      win32
[debug] [2019-12-13T12:21:00.468Z] Node Version:  v13.3.0
[debug] [2019-12-13T12:21:00.468Z] Time:          Fri Dec 13 2019 13:21:00 GMT+0100 (centraleuropeisk normaltid)
[debug] [2019-12-13T12:21:00.468Z] ----------------------------------------------------------------------
[debug] [2019-12-13T12:21:00.468Z] 
[debug] [2019-12-13T12:21:00.484Z] > command requires scopes: ["email","openid","https://www.googleapis.com/auth/cloudplatformprojects.readonly","https://www.googleapis.com/auth/firebase","https://www.googleapis.com/auth/cloud-platform"]
[debug] [2019-12-13T12:21:00.484Z] > authorizing via signed-in user
[debug] [2019-12-13T12:21:00.484Z] [iam] checking project trivium-166bf for permissions ["cloudfunctions.functions.create","cloudfunctions.functions.delete","cloudfunctions.functions.get","cloudfunctions.functions.list","cloudfunctions.functions.update","cloudfunctions.operations.get","datastore.indexes.create","datastore.indexes.delete","datastore.indexes.list","datastore.indexes.update","firebase.projects.get","firebasehosting.sites.update"]
[debug] [2019-12-13T12:21:00.486Z] > refreshing access token with scopes: ["email","https://www.googleapis.com/auth/cloud-platform","https://www.googleapis.com/auth/cloudplatformprojects.readonly","https://www.googleapis.com/auth/firebase","openid"]
[debug] [2019-12-13T12:21:00.486Z] >>> HTTP REQUEST POST https://www.googleapis.com/oauth2/v3/token  
 <request body omitted>
[debug] [2019-12-13T12:21:00.618Z] <<< HTTP RESPONSE 200
[debug] [2019-12-13T12:21:00.627Z] >>> HTTP REQUEST POST https://cloudresourcemanager.googleapis.com/v1/projects/trivium-166bf:testIamPermissions  

[debug] [2019-12-13T12:21:01.565Z] <<< HTTP RESPONSE 200
[debug] [2019-12-13T12:21:01.570Z] >>> HTTP REQUEST GET https://firebase.googleapis.com/v1beta1/projects/trivium-166bf  
 
[debug] [2019-12-13T12:21:01.840Z] <<< HTTP RESPONSE 200
[info] 
[info] === Deploying to 'trivium-166bf'...
[info] 
[info] i  deploying firestore, functions, hosting
[info] i  firestore: reading indexes from firestore.indexes.json...
[info] i  cloud.firestore: checking firestore.rules for compilation errors...
[debug] [2019-12-13T12:21:06.075Z] >>> HTTP REQUEST POST https://firebaserules.googleapis.com/v1/projects/trivium-166bf:test  

